0 info it worked if it ends with ok
1 verbose cli [ '/usr/local/bin/node', '/usr/local/bin/npm', 'install' ]
2 info using npm@2.10.1
3 info using node@v0.12.4
4 verbose node symlink /usr/local/bin/node
5 verbose readDependencies loading dependencies from /Users/kmahendrarajah/Sites/matacms-app/frontend/package.json
6 warn package.json @ No description
7 warn package.json @ No repository field.
8 warn package.json @ No README data
9 warn package.json @ No license field.
10 verbose install where, deps [ '/Users/kmahendrarajah/Sites/matacms-app/frontend',
10 verbose install   [ 'autoprefixer-core',
10 verbose install     'gulp',
10 verbose install     'gulp-autoprefixer',
10 verbose install     'gulp-less',
10 verbose install     'gulp-livereload',
10 verbose install     'gulp-plumber',
10 verbose install     'gulp-postcss',
10 verbose install     'gulp-rename',
10 verbose install     'gulp-sourcemaps',
10 verbose install     'gulp-util',
10 verbose install     'gulp-watch',
10 verbose install     'less-plugin-clean-css' ] ]
11 verbose install where, peers [ '/Users/kmahendrarajah/Sites/matacms-app/frontend', [] ]
12 verbose installManyTop reading for lifecycle /Users/kmahendrarajah/Sites/matacms-app/frontend/package.json
13 info preinstall @
14 verbose installManyTop reading scoped package data from /Users/kmahendrarajah/Sites/matacms-app/frontend/node_modules/autoprefixer-core/package.json
15 verbose installManyTop reading scoped package data from /Users/kmahendrarajah/Sites/matacms-app/frontend/node_modules/gulp/package.json
16 verbose installManyTop reading scoped package data from /Users/kmahendrarajah/Sites/matacms-app/frontend/node_modules/gulp-autoprefixer/package.json
17 verbose installManyTop reading scoped package data from /Users/kmahendrarajah/Sites/matacms-app/frontend/node_modules/gulp-less/package.json
18 verbose installManyTop reading scoped package data from /Users/kmahendrarajah/Sites/matacms-app/frontend/node_modules/gulp-livereload/package.json
19 verbose installManyTop reading scoped package data from /Users/kmahendrarajah/Sites/matacms-app/frontend/node_modules/gulp-plumber/package.json
20 verbose installManyTop reading scoped package data from /Users/kmahendrarajah/Sites/matacms-app/frontend/node_modules/gulp-postcss/package.json
21 verbose installManyTop reading scoped package data from /Users/kmahendrarajah/Sites/matacms-app/frontend/node_modules/gulp-rename/package.json
22 verbose installManyTop reading scoped package data from /Users/kmahendrarajah/Sites/matacms-app/frontend/node_modules/gulp-sourcemaps/package.json
23 verbose installManyTop reading scoped package data from /Users/kmahendrarajah/Sites/matacms-app/frontend/node_modules/gulp-util/package.json
24 verbose installManyTop reading scoped package data from /Users/kmahendrarajah/Sites/matacms-app/frontend/node_modules/gulp-watch/package.json
25 verbose installManyTop reading scoped package data from /Users/kmahendrarajah/Sites/matacms-app/frontend/node_modules/less-plugin-clean-css/package.json
26 info package.json gulp-rename@1.2.2 No license field.
27 info package.json less-plugin-clean-css@1.5.1 No license field.
28 verbose readDependencies loading dependencies from /Users/kmahendrarajah/Sites/matacms-app/frontend/package.json
29 verbose targetResolver reading package data from /Users/kmahendrarajah/Sites/matacms-app/frontend/node_modules/autoprefixer-core/package.json
30 verbose targetResolver reading package data from /Users/kmahendrarajah/Sites/matacms-app/frontend/node_modules/gulp/package.json
31 verbose targetResolver reading package data from /Users/kmahendrarajah/Sites/matacms-app/frontend/node_modules/gulp-autoprefixer/package.json
32 verbose targetResolver reading package data from /Users/kmahendrarajah/Sites/matacms-app/frontend/node_modules/gulp-less/package.json
33 verbose targetResolver reading package data from /Users/kmahendrarajah/Sites/matacms-app/frontend/node_modules/gulp-livereload/package.json
34 verbose targetResolver reading package data from /Users/kmahendrarajah/Sites/matacms-app/frontend/node_modules/gulp-plumber/package.json
35 verbose targetResolver reading package data from /Users/kmahendrarajah/Sites/matacms-app/frontend/node_modules/gulp-postcss/package.json
36 verbose targetResolver reading package data from /Users/kmahendrarajah/Sites/matacms-app/frontend/node_modules/gulp-rename/package.json
37 verbose targetResolver reading package data from /Users/kmahendrarajah/Sites/matacms-app/frontend/node_modules/gulp-sourcemaps/package.json
38 verbose targetResolver reading package data from /Users/kmahendrarajah/Sites/matacms-app/frontend/node_modules/gulp-util/package.json
39 verbose targetResolver reading package data from /Users/kmahendrarajah/Sites/matacms-app/frontend/node_modules/gulp-watch/package.json
40 verbose targetResolver reading package data from /Users/kmahendrarajah/Sites/matacms-app/frontend/node_modules/less-plugin-clean-css/package.json
41 verbose targetResolver reading package data from /Users/kmahendrarajah/Sites/matacms-app/frontend/node_modules/.bin/gulp/package.json
42 verbose already installed skipping gulp-rename@* /Users/kmahendrarajah/Sites/matacms-app/frontend
43 verbose already installed skipping gulp-sourcemaps@* /Users/kmahendrarajah/Sites/matacms-app/frontend
44 verbose already installed skipping gulp-util@* /Users/kmahendrarajah/Sites/matacms-app/frontend
45 verbose already installed skipping gulp-watch@* /Users/kmahendrarajah/Sites/matacms-app/frontend
46 verbose already installed skipping less-plugin-clean-css@* /Users/kmahendrarajah/Sites/matacms-app/frontend
47 silly cache add args [ 'autoprefixer-core@^5.1.11', null ]
48 verbose cache add spec autoprefixer-core@^5.1.11
49 silly cache add parsed spec { raw: 'autoprefixer-core@^5.1.11',
49 silly cache add   scope: null,
49 silly cache add   name: 'autoprefixer-core',
49 silly cache add   rawSpec: '^5.1.11',
49 silly cache add   spec: '>=5.1.11 <6.0.0',
49 silly cache add   type: 'range' }
50 silly addNamed autoprefixer-core@>=5.1.11 <6.0.0
51 verbose addNamed ">=5.1.11 <6.0.0" is a valid semver range for autoprefixer-core
52 silly addNameRange { name: 'autoprefixer-core',
52 silly addNameRange   range: '>=5.1.11 <6.0.0',
52 silly addNameRange   hasData: false }
53 silly mapToRegistry name autoprefixer-core
54 silly mapToRegistry using default registry
55 silly mapToRegistry registry https://registry.npmjs.org/
56 silly mapToRegistry uri https://registry.npmjs.org/autoprefixer-core
57 verbose addNameRange registry:https://registry.npmjs.org/autoprefixer-core not in flight; fetching
58 verbose already installed skipping gulp@* /Users/kmahendrarajah/Sites/matacms-app/frontend
59 silly cache add args [ 'gulp-autoprefixer@^2.2.0', null ]
60 verbose cache add spec gulp-autoprefixer@^2.2.0
61 silly cache add parsed spec { raw: 'gulp-autoprefixer@^2.2.0',
61 silly cache add   scope: null,
61 silly cache add   name: 'gulp-autoprefixer',
61 silly cache add   rawSpec: '^2.2.0',
61 silly cache add   spec: '>=2.2.0 <3.0.0',
61 silly cache add   type: 'range' }
62 silly addNamed gulp-autoprefixer@>=2.2.0 <3.0.0
63 verbose addNamed ">=2.2.0 <3.0.0" is a valid semver range for gulp-autoprefixer
64 silly addNameRange { name: 'gulp-autoprefixer',
64 silly addNameRange   range: '>=2.2.0 <3.0.0',
64 silly addNameRange   hasData: false }
65 silly mapToRegistry name gulp-autoprefixer
66 silly mapToRegistry using default registry
67 silly mapToRegistry registry https://registry.npmjs.org/
68 silly mapToRegistry uri https://registry.npmjs.org/gulp-autoprefixer
69 verbose addNameRange registry:https://registry.npmjs.org/gulp-autoprefixer not in flight; fetching
70 verbose already installed skipping gulp-less@* /Users/kmahendrarajah/Sites/matacms-app/frontend
71 verbose already installed skipping gulp-livereload@* /Users/kmahendrarajah/Sites/matacms-app/frontend
72 verbose already installed skipping gulp-plumber@* /Users/kmahendrarajah/Sites/matacms-app/frontend
73 verbose request uri https://registry.npmjs.org/gulp-autoprefixer
74 verbose request no auth needed
75 info attempt registry request try #1 at 10:37:27 AM
76 verbose request id abfdcd31b21d7b32
77 verbose etag "5DBUIP5JHA28L7NXA3GQZONKV"
78 http request GET https://registry.npmjs.org/gulp-autoprefixer
79 silly cache add args [ 'gulp-postcss@^5.1.3', null ]
80 verbose cache add spec gulp-postcss@^5.1.3
81 silly cache add parsed spec { raw: 'gulp-postcss@^5.1.3',
81 silly cache add   scope: null,
81 silly cache add   name: 'gulp-postcss',
81 silly cache add   rawSpec: '^5.1.3',
81 silly cache add   spec: '>=5.1.3 <6.0.0',
81 silly cache add   type: 'range' }
82 silly addNamed gulp-postcss@>=5.1.3 <6.0.0
83 verbose addNamed ">=5.1.3 <6.0.0" is a valid semver range for gulp-postcss
84 silly addNameRange { name: 'gulp-postcss', range: '>=5.1.3 <6.0.0', hasData: false }
85 silly mapToRegistry name gulp-postcss
86 silly mapToRegistry using default registry
87 silly mapToRegistry registry https://registry.npmjs.org/
88 silly mapToRegistry uri https://registry.npmjs.org/gulp-postcss
89 verbose addNameRange registry:https://registry.npmjs.org/gulp-postcss not in flight; fetching
90 verbose request uri https://registry.npmjs.org/autoprefixer-core
91 verbose request no auth needed
92 info attempt registry request try #1 at 10:37:27 AM
93 verbose etag "60R8ES2Q8BPGFXO4FMTJZJELH"
94 http request GET https://registry.npmjs.org/autoprefixer-core
95 verbose request uri https://registry.npmjs.org/gulp-postcss
96 verbose request no auth needed
97 info attempt registry request try #1 at 10:37:27 AM
98 verbose etag "NQ9LJ9Q11GWE72THW0VMHZW4"
99 http request GET https://registry.npmjs.org/gulp-postcss
100 http 304 https://registry.npmjs.org/gulp-autoprefixer
101 silly get cb [ 304,
101 silly get   { date: 'Thu, 17 Sep 2015 09:37:27 GMT',
101 silly get     via: '1.1 varnish',
101 silly get     'cache-control': 'max-age=60',
101 silly get     etag: '"5DBUIP5JHA28L7NXA3GQZONKV"',
101 silly get     age: '49',
101 silly get     connection: 'keep-alive',
101 silly get     'x-served-by': 'cache-lcy1132-LCY',
101 silly get     'x-cache': 'HIT',
101 silly get     'x-cache-hits': '2',
101 silly get     'x-timer': 'S1442482647.950292,VS0,VE0',
101 silly get     vary: 'Accept' } ]
102 verbose etag https://registry.npmjs.org/gulp-autoprefixer from cache
103 verbose get saving gulp-autoprefixer to /Users/kmahendrarajah/.npm/registry.npmjs.org/gulp-autoprefixer/.cache.json
104 http 304 https://registry.npmjs.org/autoprefixer-core
105 silly get cb [ 304,
105 silly get   { date: 'Thu, 17 Sep 2015 09:37:27 GMT',
105 silly get     via: '1.1 varnish',
105 silly get     'cache-control': 'max-age=60',
105 silly get     etag: '"60R8ES2Q8BPGFXO4FMTJZJELH"',
105 silly get     age: '26',
105 silly get     connection: 'keep-alive',
105 silly get     'x-served-by': 'cache-lcy1122-LCY',
105 silly get     'x-cache': 'HIT',
105 silly get     'x-cache-hits': '1',
105 silly get     'x-timer': 'S1442482647.950354,VS0,VE0',
105 silly get     vary: 'Accept' } ]
106 verbose etag https://registry.npmjs.org/autoprefixer-core from cache
107 verbose get saving autoprefixer-core to /Users/kmahendrarajah/.npm/registry.npmjs.org/autoprefixer-core/.cache.json
108 silly addNameRange number 2 { name: 'autoprefixer-core',
108 silly addNameRange   range: '>=5.1.11 <6.0.0',
108 silly addNameRange   hasData: true }
109 silly addNameRange versions [ 'autoprefixer-core',
109 silly addNameRange   [ '3.0.0',
109 silly addNameRange     '3.0.1',
109 silly addNameRange     '3.1.0',
109 silly addNameRange     '3.1.1',
109 silly addNameRange     '3.1.2',
109 silly addNameRange     '4.0.0',
109 silly addNameRange     '4.0.1',
109 silly addNameRange     '4.0.2',
109 silly addNameRange     '5.0.0',
109 silly addNameRange     '5.1.0',
109 silly addNameRange     '5.1.1',
109 silly addNameRange     '5.1.2',
109 silly addNameRange     '5.1.3',
109 silly addNameRange     '5.1.4',
109 silly addNameRange     '5.1.5',
109 silly addNameRange     '5.1.6',
109 silly addNameRange     '5.1.7',
109 silly addNameRange     '5.1.8',
109 silly addNameRange     '5.1.9',
109 silly addNameRange     '5.1.10',
109 silly addNameRange     '5.1.11',
109 silly addNameRange     '5.2.0',
109 silly addNameRange     '5.2.1',
109 silly addNameRange     '6.0.0',
109 silly addNameRange     '6.0.1' ] ]
110 silly addNamed autoprefixer-core@5.2.1
111 verbose addNamed "5.2.1" is a plain semver version for autoprefixer-core
112 silly addNameRange number 2 { name: 'gulp-autoprefixer',
112 silly addNameRange   range: '>=2.2.0 <3.0.0',
112 silly addNameRange   hasData: true }
113 silly addNameRange versions [ 'gulp-autoprefixer',
113 silly addNameRange   [ '0.0.1',
113 silly addNameRange     '0.0.2',
113 silly addNameRange     '0.0.3',
113 silly addNameRange     '0.0.4',
113 silly addNameRange     '0.0.5',
113 silly addNameRange     '0.0.6',
113 silly addNameRange     '0.0.7',
113 silly addNameRange     '0.0.8',
113 silly addNameRange     '0.0.9',
113 silly addNameRange     '0.0.10',
113 silly addNameRange     '1.0.0',
113 silly addNameRange     '1.0.1',
113 silly addNameRange     '2.0.0',
113 silly addNameRange     '2.1.0',
113 silly addNameRange     '2.2.0',
113 silly addNameRange     '2.3.0',
113 silly addNameRange     '2.3.1',
113 silly addNameRange     '3.0.0',
113 silly addNameRange     '3.0.1' ] ]
114 silly addNamed gulp-autoprefixer@2.3.1
115 verbose addNamed "2.3.1" is a plain semver version for gulp-autoprefixer
116 silly cache afterAdd autoprefixer-core@5.2.1
117 verbose afterAdd /Users/kmahendrarajah/.npm/autoprefixer-core/5.2.1/package/package.json not in flight; writing
118 silly cache afterAdd gulp-autoprefixer@2.3.1
119 verbose afterAdd /Users/kmahendrarajah/.npm/gulp-autoprefixer/2.3.1/package/package.json not in flight; writing
120 verbose afterAdd /Users/kmahendrarajah/.npm/autoprefixer-core/5.2.1/package/package.json written
121 verbose afterAdd /Users/kmahendrarajah/.npm/gulp-autoprefixer/2.3.1/package/package.json written
122 http 304 https://registry.npmjs.org/gulp-postcss
123 silly get cb [ 304,
123 silly get   { date: 'Thu, 17 Sep 2015 09:37:27 GMT',
123 silly get     via: '1.1 varnish',
123 silly get     'cache-control': 'max-age=60',
123 silly get     etag: '"NQ9LJ9Q11GWE72THW0VMHZW4"',
123 silly get     age: '0',
123 silly get     connection: 'keep-alive',
123 silly get     'x-served-by': 'cache-lcy1135-LCY',
123 silly get     'x-cache': 'HIT',
123 silly get     'x-cache-hits': '1',
123 silly get     'x-timer': 'S1442482647.924830,VS0,VE727',
123 silly get     vary: 'Accept' } ]
124 verbose etag https://registry.npmjs.org/gulp-postcss from cache
125 verbose get saving gulp-postcss to /Users/kmahendrarajah/.npm/registry.npmjs.org/gulp-postcss/.cache.json
126 silly addNameRange number 2 { name: 'gulp-postcss', range: '>=5.1.3 <6.0.0', hasData: true }
127 silly addNameRange versions [ 'gulp-postcss',
127 silly addNameRange   [ '0.0.1',
127 silly addNameRange     '0.0.2',
127 silly addNameRange     '1.0.0',
127 silly addNameRange     '1.0.1',
127 silly addNameRange     '1.0.2',
127 silly addNameRange     '2.0.0',
127 silly addNameRange     '2.0.1',
127 silly addNameRange     '3.0.0',
127 silly addNameRange     '4.0.0',
127 silly addNameRange     '4.0.1',
127 silly addNameRange     '4.0.2',
127 silly addNameRange     '4.0.3',
127 silly addNameRange     '5.0.0',
127 silly addNameRange     '5.0.1',
127 silly addNameRange     '5.1.0',
127 silly addNameRange     '5.1.1',
127 silly addNameRange     '5.1.2',
127 silly addNameRange     '5.1.3',
127 silly addNameRange     '5.1.4',
127 silly addNameRange     '5.1.5',
127 silly addNameRange     '5.1.6',
127 silly addNameRange     '5.1.7',
127 silly addNameRange     '5.1.8',
127 silly addNameRange     '5.1.9',
127 silly addNameRange     '5.1.10',
127 silly addNameRange     '6.0.0' ] ]
128 silly addNamed gulp-postcss@5.1.10
129 verbose addNamed "5.1.10" is a plain semver version for gulp-postcss
130 silly cache afterAdd gulp-postcss@5.1.10
131 verbose afterAdd /Users/kmahendrarajah/.npm/gulp-postcss/5.1.10/package/package.json not in flight; writing
132 verbose afterAdd /Users/kmahendrarajah/.npm/gulp-postcss/5.1.10/package/package.json written
133 silly install resolved [ { name: 'autoprefixer-core',
133 silly install resolved     version: '5.2.1',
133 silly install resolved     description: 'CLI-less core of Autoprefixer to use in plugins',
133 silly install resolved     keywords: [ 'autoprefixer', 'css', 'prefix', 'postcss', 'postcss-plugin' ],
133 silly install resolved     author: { name: 'Andrey Sitnik', email: 'andrey@sitnik.ru' },
133 silly install resolved     license: 'MIT',
133 silly install resolved     repository:
133 silly install resolved      { type: 'git',
133 silly install resolved        url: 'git+https://github.com/postcss/autoprefixer-core.git' },
133 silly install resolved     dependencies:
133 silly install resolved      { browserslist: '~0.4.0',
133 silly install resolved        num2fraction: '^1.1.0',
133 silly install resolved        'caniuse-db': '^1.0.30000214',
133 silly install resolved        postcss: '~4.1.12' },
133 silly install resolved     devDependencies:
133 silly install resolved      { 'vinyl-source-stream': '1.1.0',
133 silly install resolved        'gulp-json-editor': '2.2.1',
133 silly install resolved        'gulp-replace': '0.5.3',
133 silly install resolved        'gulp-eslint': '0.14.0',
133 silly install resolved        'gulp-coffee': '2.3.1',
133 silly install resolved        'gulp-mocha': '2.1.2',
133 silly install resolved        browserify: '10.2.4',
133 silly install resolved        'fs-extra': '0.20.0',
133 silly install resolved        should: '7.0.1',
133 silly install resolved        mocha: '2.2.5',
133 silly install resolved        gulp: '3.9.0',
133 silly install resolved        'coffee-script': '1.9.3' },
133 silly install resolved     scripts: { test: 'gulp' },
133 silly install resolved     main: 'lib/autoprefixer',
133 silly install resolved     bugs: { url: 'https://github.com/postcss/autoprefixer-core/issues' },
133 silly install resolved     homepage: 'https://github.com/postcss/autoprefixer-core#readme',
133 silly install resolved     _id: 'autoprefixer-core@5.2.1',
133 silly install resolved     _shasum: 'e640c414ae419aae21c1ad43c8ea0f3db82a566d',
133 silly install resolved     _from: 'autoprefixer-core@>=5.1.11 <6.0.0',
133 silly install resolved     _npmVersion: '2.11.1',
133 silly install resolved     _nodeVersion: '2.3.0',
133 silly install resolved     _npmUser: { name: 'ai', email: 'andrey@sitnik.ru' },
133 silly install resolved     dist:
133 silly install resolved      { shasum: 'e640c414ae419aae21c1ad43c8ea0f3db82a566d',
133 silly install resolved        tarball: 'http://registry.npmjs.org/autoprefixer-core/-/autoprefixer-core-5.2.1.tgz' },
133 silly install resolved     maintainers: [ [Object] ],
133 silly install resolved     directories: {},
133 silly install resolved     _resolved: 'https://registry.npmjs.org/autoprefixer-core/-/autoprefixer-core-5.2.1.tgz',
133 silly install resolved     readme: 'ERROR: No README data found!' },
133 silly install resolved   { name: 'gulp-autoprefixer',
133 silly install resolved     version: '2.3.1',
133 silly install resolved     description: 'Prefix CSS',
133 silly install resolved     license: 'MIT',
133 silly install resolved     repository:
133 silly install resolved      { type: 'git',
133 silly install resolved        url: 'git+https://github.com/sindresorhus/gulp-autoprefixer.git' },
133 silly install resolved     author:
133 silly install resolved      { name: 'Sindre Sorhus',
133 silly install resolved        email: 'sindresorhus@gmail.com',
133 silly install resolved        url: 'sindresorhus.com' },
133 silly install resolved     engines: { node: '>=0.10.0' },
133 silly install resolved     scripts: { test: 'mocha' },
133 silly install resolved     files: [ 'index.js' ],
133 silly install resolved     keywords:
133 silly install resolved      [ 'gulpplugin',
133 silly install resolved        'autoprefixer',
133 silly install resolved        'postcss',
133 silly install resolved        'css',
133 silly install resolved        'prefix',
133 silly install resolved        'prefixes',
133 silly install resolved        'stylesheet',
133 silly install resolved        'preprocess',
133 silly install resolved        'postcss-runner' ],
133 silly install resolved     dependencies:
133 silly install resolved      { 'autoprefixer-core': '^5.0.0',
133 silly install resolved        'gulp-util': '^3.0.0',
133 silly install resolved        'object-assign': '^2.0.0',
133 silly install resolved        postcss: '^4.1.5',
133 silly install resolved        through2: '^0.6.2',
133 silly install resolved        'vinyl-sourcemaps-apply': '^0.1.3' },
133 silly install resolved     devDependencies: { 'gulp-sourcemaps': '^1.1.1', mocha: '*' },
133 silly install resolved     gitHead: '02d77661de48890facdf98e1061400264d4f5ef8',
133 silly install resolved     bugs: { url: 'https://github.com/sindresorhus/gulp-autoprefixer/issues' },
133 silly install resolved     homepage: 'https://github.com/sindresorhus/gulp-autoprefixer',
133 silly install resolved     _id: 'gulp-autoprefixer@2.3.1',
133 silly install resolved     _shasum: 'f675d3b1bd76f088df2f24ab7ad3e4a059e07e67',
133 silly install resolved     _from: 'gulp-autoprefixer@>=2.2.0 <3.0.0',
133 silly install resolved     _npmVersion: '2.10.1',
133 silly install resolved     _nodeVersion: '0.12.4',
133 silly install resolved     _npmUser: { name: 'sindresorhus', email: 'sindresorhus@gmail.com' },
133 silly install resolved     dist:
133 silly install resolved      { shasum: 'f675d3b1bd76f088df2f24ab7ad3e4a059e07e67',
133 silly install resolved        tarball: 'http://registry.npmjs.org/gulp-autoprefixer/-/gulp-autoprefixer-2.3.1.tgz' },
133 silly install resolved     maintainers: [ [Object], [Object] ],
133 silly install resolved     directories: {},
133 silly install resolved     _resolved: 'https://registry.npmjs.org/gulp-autoprefixer/-/gulp-autoprefixer-2.3.1.tgz',
133 silly install resolved     readme: 'ERROR: No README data found!' },
133 silly install resolved   { name: 'gulp-postcss',
133 silly install resolved     version: '5.1.10',
133 silly install resolved     description: 'PostCSS gulp plugin',
133 silly install resolved     main: 'index.js',
133 silly install resolved     scripts: { test: 'mocha test.js' },
133 silly install resolved     repository:
133 silly install resolved      { type: 'git',
133 silly install resolved        url: 'git+https://github.com/postcss/gulp-postcss.git' },
133 silly install resolved     keywords: [ 'gulpplugin', 'postcss', 'postcss-runner', 'css' ],
133 silly install resolved     author: { name: 'Andrey Kuzmin', email: 'unsoundscapes@gmail.com' },
133 silly install resolved     license: 'MIT',
133 silly install resolved     bugs: { url: 'https://github.com/postcss/gulp-postcss/issues' },
133 silly install resolved     homepage: 'https://github.com/postcss/gulp-postcss',
133 silly install resolved     dependencies:
133 silly install resolved      { 'gulp-util': '^3.0.4',
133 silly install resolved        postcss: '^4.1.11',
133 silly install resolved        'vinyl-sourcemaps-apply': '^0.1.4' },
133 silly install resolved     devDependencies:
133 silly install resolved      { 'es6-promise': '^2.0.1',
133 silly install resolved        'gulp-sourcemaps': '^1.5.1',
133 silly install resolved        mocha: '^2.2.5',
133 silly install resolved        proxyquire: '^1.5.0',
133 silly install resolved        sinon: '^1.14.1' },
133 silly install resolved     gitHead: '749d6b77e73ce93fb581064328980f692329602a',
133 silly install resolved     _id: 'gulp-postcss@5.1.10',
133 silly install resolved     _shasum: '789bb488759df928506221749e99cc6a9c274601',
133 silly install resolved     _from: 'gulp-postcss@>=5.1.3 <6.0.0',
133 silly install resolved     _npmVersion: '2.10.1',
133 silly install resolved     _nodeVersion: '0.12.2',
133 silly install resolved     _npmUser: { name: 'unsoundscapes', email: 'unsoundscapes@gmail.com' },
133 silly install resolved     maintainers: [ [Object] ],
133 silly install resolved     dist:
133 silly install resolved      { shasum: '789bb488759df928506221749e99cc6a9c274601',
133 silly install resolved        tarball: 'http://registry.npmjs.org/gulp-postcss/-/gulp-postcss-5.1.10.tgz' },
133 silly install resolved     directories: {},
133 silly install resolved     _resolved: 'https://registry.npmjs.org/gulp-postcss/-/gulp-postcss-5.1.10.tgz',
133 silly install resolved     readme: 'ERROR: No README data found!' } ]
134 info install autoprefixer-core@5.2.1 into /Users/kmahendrarajah/Sites/matacms-app/frontend
135 info install gulp-autoprefixer@2.3.1 into /Users/kmahendrarajah/Sites/matacms-app/frontend
136 info install gulp-postcss@5.1.10 into /Users/kmahendrarajah/Sites/matacms-app/frontend
137 info installOne autoprefixer-core@5.2.1
138 verbose installOne of autoprefixer-core to /Users/kmahendrarajah/Sites/matacms-app/frontend not in flight; installing
139 info installOne gulp-autoprefixer@2.3.1
140 verbose installOne of gulp-autoprefixer to /Users/kmahendrarajah/Sites/matacms-app/frontend not in flight; installing
141 info installOne gulp-postcss@5.1.10
142 verbose installOne of gulp-postcss to /Users/kmahendrarajah/Sites/matacms-app/frontend not in flight; installing
143 warn locking Error: EACCES, open '/Users/kmahendrarajah/.npm/_locks/autoprefixer-core-49af32e6871b2382.lock'
143 warn locking     at Error (native)
143 warn locking  /Users/kmahendrarajah/.npm/_locks/autoprefixer-core-49af32e6871b2382.lock failed { [Error: EACCES, open '/Users/kmahendrarajah/.npm/_locks/autoprefixer-core-49af32e6871b2382.lock']
143 warn locking   errno: -13,
143 warn locking   code: 'EACCES',
143 warn locking   path: '/Users/kmahendrarajah/.npm/_locks/autoprefixer-core-49af32e6871b2382.lock' }
144 verbose stack Error: Attempt to unlock /Users/kmahendrarajah/Sites/matacms-app/frontend/node_modules/autoprefixer-core, which hasn't been locked
144 verbose stack     at unlock (/usr/local/lib/node_modules/npm/lib/utils/locker.js:66:11)
144 verbose stack     at cb (/usr/local/lib/node_modules/npm/lib/install.js:1017:5)
144 verbose stack     at /usr/local/lib/node_modules/npm/lib/install.js:1021:20
144 verbose stack     at /usr/local/lib/node_modules/npm/lib/utils/locker.js:40:9
144 verbose stack     at cb (/usr/local/lib/node_modules/npm/node_modules/lockfile/lockfile.js:149:38)
144 verbose stack     at /usr/local/lib/node_modules/npm/node_modules/lockfile/lockfile.js:177:38
144 verbose stack     at FSReqWrap.oncomplete (fs.js:95:15)
145 verbose cwd /Users/kmahendrarajah/Sites/matacms-app/frontend
146 error Darwin 14.0.0
147 error argv "/usr/local/bin/node" "/usr/local/bin/npm" "install"
148 error node v0.12.4
149 error npm  v2.10.1
150 error Attempt to unlock /Users/kmahendrarajah/Sites/matacms-app/frontend/node_modules/autoprefixer-core, which hasn't been locked
151 error If you need help, you may report this error at:
151 error     <https://github.com/npm/npm/issues>
152 verbose exit [ 1, true ]
